# JRE version: OpenJDK Runtime Environment Temurin-17.0.6+10 (17.0.6+10) (build 17.0.6+10)
# Java VM: OpenJDK 64-Bit Server VM Temurin-17.0.6+10 (17.0.6+10, mixed mode, sharing, tiered, compressed oops, compressed class ptrs, g1 gc, windows-amd64)
GC Precious Log:
 CPUs: 4 total, 4 available
 Memory: 7834M
 Large Page Support: Disabled
 NUMA Support: Disabled
 Compressed Oops: Enabled (32-bit)
 Heap Region Size: 1M
 Heap Min Capacity: 8M
 Heap Initial Capacity: 124M
 Heap Max Capacity: 2G
 Pre-touch: Disabled
 Parallel Workers: 4
 Concurrent Workers: 1
 Concurrent Refinement Workers: 4
 Periodic GC: Disabled
Heap:
 garbage-first heap   total 208896K, used 124141K [0x0000000080000000, 0x0000000100000000)
  region size 1024K, 50 young (51200K), 4 survivors (4096K)
 Metaspace       used 75609K, committed 76288K, reserved 495616K
  class space    used 10414K, committed 10688K, reserved 421888K
GC Heap History (20 events):
Event: 70.125 GC heap before
{Heap before GC invocations=26 (full 0):
 garbage-first heap   total 94208K, used 73185K [0x0000000080000000, 0x0000000100000000)
  region size 1024K, 21 young (21504K), 3 survivors (3072K)
 Metaspace       used 59348K, committed 59968K, reserved 479232K
  class space    used 8196K, committed 8448K, reserved 421888K
}
Event: 70.131 GC heap after
{Heap after GC invocations=27 (full 0):
 garbage-first heap   total 94208K, used 57608K [0x0000000080000000, 0x0000000100000000)
  region size 1024K, 1 young (1024K), 1 survivors (1024K)
 Metaspace       used 59348K, committed 59968K, reserved 479232K
  class space    used 8196K, committed 8448K, reserved 421888K
}
Event: 71.056 GC heap before
{Heap before GC invocations=28 (full 0):
 garbage-first heap   total 101376K, used 80136K [0x0000000080000000, 0x0000000100000000)
  region size 1024K, 20 young (20480K), 1 survivors (1024K)
 Metaspace       used 60593K, committed 61184K, reserved 479232K
  class space    used 8357K, committed 8640K, reserved 421888K
}
Event: 71.063 GC heap after
{Heap after GC invocations=29 (full 0):
 garbage-first heap   total 101376K, used 67512K [0x0000000080000000, 0x0000000100000000)
  region size 1024K, 3 young (3072K), 3 survivors (3072K)
 Metaspace       used 60593K, committed 61184K, reserved 479232K
  class space    used 8357K, committed 8640K, reserved 421888K
}
Event: 71.091 GC heap before
{Heap before GC invocations=29 (full 0):
 garbage-first heap   total 101376K, used 67512K [0x0000000080000000, 0x0000000100000000)
  region size 1024K, 4 young (4096K), 3 survivors (3072K)
 Metaspace       used 60736K, committed 61312K, reserved 479232K
  class space    used 8379K, committed 8640K, reserved 421888K
}
Event: 71.095 GC heap after
{Heap after GC invocations=30 (full 0):
 garbage-first heap   total 101376K, used 68030K [0x0000000080000000, 0x0000000100000000)
  region size 1024K, 1 young (1024K), 1 survivors (1024K)
 Metaspace       used 60736K, committed 61312K, reserved 479232K
  class space    used 8379K, committed 8640K, reserved 421888K
}
Event: 71.788 GC heap before
{Heap before GC invocations=30 (full 0):
 garbage-first heap   total 101376K, used 82366K [0x0000000080000000, 0x0000000100000000)
  region size 1024K, 15 young (15360K), 1 survivors (1024K)
 Metaspace       used 63008K, committed 63616K, reserved 479232K
  class space    used 8664K, committed 8960K, reserved 421888K
}
Event: 71.791 GC heap after
{Heap after GC invocations=31 (full 0):
 garbage-first heap   total 101376K, used 68497K [0x0000000080000000, 0x0000000100000000)
  region size 1024K, 1 young (1024K), 1 survivors (1024K)
 Metaspace       used 63008K, committed 63616K, reserved 479232K
  class space    used 8664K, committed 8960K, reserved 421888K
}
Event: 72.459 GC heap before
{Heap before GC invocations=32 (full 0):
 garbage-first heap   total 119808K, used 83857K [0x0000000080000000, 0x0000000100000000)
  region size 1024K, 16 young (16384K), 1 survivors (1024K)
 Metaspace       used 65496K, committed 66112K, reserved 479232K
  class space    used 8954K, committed 9216K, reserved 421888K
}
Event: 72.462 GC heap after
{Heap after GC invocations=33 (full 0):
 garbage-first heap   total 119808K, used 69045K [0x0000000080000000, 0x0000000100000000)
  region size 1024K, 2 young (2048K), 2 survivors (2048K)
 Metaspace       used 65496K, committed 66112K, reserved 479232K
  class space    used 8954K, committed 9216K, reserved 421888K
}
Event: 72.645 GC heap before
{Heap before GC invocations=33 (full 0):
 garbage-first heap   total 119808K, used 72117K [0x0000000080000000, 0x0000000100000000)
  region size 1024K, 5 young (5120K), 2 survivors (2048K)
 Metaspace       used 66389K, committed 67008K, reserved 487424K
  class space    used 9045K, committed 9280K, reserved 421888K
}
Event: 72.652 GC heap after
{Heap after GC invocations=34 (full 0):
 garbage-first heap   total 119808K, used 69496K [0x0000000080000000, 0x0000000100000000)
  region size 1024K, 1 young (1024K), 1 survivors (1024K)
 Metaspace       used 66389K, committed 67008K, reserved 487424K
  class space    used 9045K, committed 9280K, reserved 421888K
}
Event: 74.075 GC heap before
{Heap before GC invocations=34 (full 0):
 garbage-first heap   total 119808K, used 93048K [0x0000000080000000, 0x0000000100000000)
  region size 1024K, 25 young (25600K), 1 survivors (1024K)
 Metaspace       used 68674K, committed 69312K, reserved 487424K
  class space    used 9335K, committed 9600K, reserved 421888K
}
Event: 74.081 GC heap after
{Heap after GC invocations=35 (full 0):
 garbage-first heap   total 119808K, used 71783K [0x0000000080000000, 0x0000000100000000)
  region size 1024K, 4 young (4096K), 4 survivors (4096K)
 Metaspace       used 68674K, committed 69312K, reserved 487424K
  class space    used 9335K, committed 9600K, reserved 421888K
}
Event: 75.109 GC heap before
{Heap before GC invocations=36 (full 0):
 garbage-first heap   total 128000K, used 94311K [0x0000000080000000, 0x0000000100000000)
  region size 1024K, 26 young (26624K), 4 survivors (4096K)
 Metaspace       used 70247K, committed 70848K, reserved 487424K
  class space    used 9537K, committed 9792K, reserved 421888K
}
Event: 75.119 GC heap after
{Heap after GC invocations=37 (full 0):
 garbage-first heap   total 128000K, used 73743K [0x0000000080000000, 0x0000000100000000)
  region size 1024K, 2 young (2048K), 2 survivors (2048K)
 Metaspace       used 70247K, committed 70848K, reserved 487424K
  class space    used 9537K, committed 9792K, reserved 421888K
}
Event: 75.182 GC heap before
{Heap before GC invocations=37 (full 0):
 garbage-first heap   total 128000K, used 77839K [0x0000000080000000, 0x0000000100000000)
  region size 1024K, 6 young (6144K), 2 survivors (2048K)
 Metaspace       used 70261K, committed 70848K, reserved 487424K
  class space    used 9537K, committed 9792K, reserved 421888K
}
Event: 75.186 GC heap after
{Heap after GC invocations=38 (full 0):
 garbage-first heap   total 128000K, used 74002K [0x0000000080000000, 0x0000000100000000)
  region size 1024K, 1 young (1024K), 1 survivors (1024K)
 Metaspace       used 70261K, committed 70848K, reserved 487424K
  class space    used 9537K, committed 9792K, reserved 421888K
}
Event: 76.202 GC heap before
{Heap before GC invocations=38 (full 0):
 garbage-first heap   total 128000K, used 101650K [0x0000000080000000, 0x0000000100000000)
  region size 1024K, 28 young (28672K), 1 survivors (1024K)
 Metaspace       used 70736K, committed 71424K, reserved 487424K
  class space    used 9610K, committed 9920K, reserved 421888K
}
Event: 76.211 GC heap after
{Heap after GC invocations=39 (full 0):
 garbage-first heap   total 208896K, used 78061K [0x0000000080000000, 0x0000000100000000)
  region size 1024K, 4 young (4096K), 4 survivors (4096K)
 Metaspace       used 70736K, committed 71424K, reserved 487424K
  class space    used 9610K, committed 9920K, reserved 421888K
}

